<?xml version="1.0" encoding="UTF-8"?>
<testsuite xmlns:xsi="http://www.w3.org/2001/XMLSchema-instance" xsi:noNamespaceSchemaLocation="https://maven.apache.org/surefire/maven-surefire-plugin/xsd/surefire-test-report.xsd" name="homework.TestMainFunctionality" time="0.821" tests="17" errors="0" skipped="0" failures="0">
  <properties>
[...]
</properties>
  <testcase name="atm_should_deliver_cash_if_there_is_enough_balance{int}[1]" classname="homework.TestMainFunctionality" time="0.659"/>
  <testcase name="atm_should_deliver_cash_if_there_is_enough_balance{int}[2]" classname="homework.TestMainFunctionality" time="0.004"/>
  <testcase name="atm_should_deliver_cash_if_there_is_enough_balance{int}[3]" classname="homework.TestMainFunctionality" time="0.004"/>
  <testcase name="atm_should_not_deliver_cash_if_there_is_not_enough_balance{int}[1]" classname="homework.TestMainFunctionality" time="0.003"/>
  <testcase name="atm_should_not_deliver_cash_if_there_is_not_enough_balance{int}[2]" classname="homework.TestMainFunctionality" time="0.003"/>
  <testcase name="test_should_make_transaction_when_user_transfers_money" classname="homework.TestMainFunctionality" time="0.003"/>
  <testcase name="test_atm_should_correctly_verify_password_when_passwords_match" classname="homework.TestMainFunctionality" time="0.007"/>
  <testcase name="test_atm_should_not_verify_password_when_passwords_dont_match" classname="homework.TestMainFunctionality" time="0.002"/>
  <testcase name="test_should_send_card_information_to_atm_when_valid_card_inserted" classname="homework.TestMainFunctionality" time="0.066"/>
  <testcase name="test_should_display_error_message_when_wrong_password_is_entered" classname="homework.TestMainFunctionality" time="0.002"/>
  <testcase name="test_atm_should_freeze_card_when_user_enters_wrong_password_three_times" classname="homework.TestMainFunctionality" time="0.003"/>
  <testcase name="test_should_read_card_when_valid_card_inserted" classname="homework.TestMainFunctionality" time="0.016"/>
  <testcase name="test_should_select_balance_information_when_needed_to_display" classname="homework.TestMainFunctionality" time="0.002"/>
  <testcase name="test_should_authorize_user_when_correct_pin_is_entered" classname="homework.TestMainFunctionality" time="0.001"/>
  <testcase name="test_should_show_error_message_on_display_when_incorrect_pin_is_entered" classname="homework.TestMainFunctionality" time="0.001"/>
  <testcase name="test_should_display_the_balance_with_curreny_when_received_from_db" classname="homework.TestMainFunctionality" time="0.002"/>
  <testcase name="test_should_deposit_cash_when_users_enters_an_amount" classname="homework.TestMainFunctionality" time="0.001"/>
</testsuite>