<?xml version="1.0" encoding="UTF-8"?>
<testsuite xmlns:xsi="http://www.w3.org/2001/XMLSchema-instance" xsi:noNamespaceSchemaLocation="https://maven.apache.org/surefire/maven-surefire-plugin/xsd/surefire-test-report.xsd" name="homework.TestTransactionUnit" time="0" tests="2" errors="0" skipped="0" failures="0">
  <properties>
[...]
</properties>
  <testcase name="test_transaction_should_occur_when_performed" classname="homework.TestTransactionUnit" time="0"/>
  <testcase name="test_transaction_should_return_false_when_db_action_cannot_be_performed" classname="homework.TestTransactionUnit" time="0"/>
</testsuite>